[dotenv@17.3.1] injecting env (9) from .env -- tip: 🛠️  run anywhere with `dotenvx run -- yourcommand`
🚀 Stripe webhook server running on port 3001
[dotenv@17.3.1] injecting env (9) from .env -- tip: 🔐 prevent committing .env to code: https://dotenvx.com/precommit
🚀 Stripe webhook server running on port 3001
[dotenv@17.3.1] injecting env (9) from .env -- tip: 🔐 prevent committing .env to code: https://dotenvx.com/precommit
🚀 Stripe webhook server running on port 3001
[dotenv@17.3.1] injecting env (9) from .env -- tip: 🔐 prevent building .env in docker: https://dotenvx.com/prebuild
🚀 Stripe webhook server running on port 3001
[dotenv@17.3.1] injecting env (9) from .env -- tip: ⚙️  load multiple .env files with { path: ['.env.local', '.env'] }
🚀 Stripe webhook server running on port 3001
[dotenv@17.3.1] injecting env (9) from .env -- tip: 🤖 agentic secret storage: https://dotenvx.com/as2
🚀 Stripe webhook server running on port 3001
[dotenv@17.3.1] injecting env (9) from .env -- tip: 🛠️  run anywhere with `dotenvx run -- yourcommand`
🚀 Stripe webhook server running on port 3001
📩 Event received: checkout.session.completed
✅ Payment confirmed for 999373741 (Vishal Rewaskar)
📩 Event received: invoice.payment_succeeded
📩 Event received: checkout.session.completed
✅ Payment confirmed for 8176450202 (Misal Vaibhav)
📩 Event received: invoice.payment_succeeded
📩 Event received: invoice.payment_succeeded
⚠️  No user found for customer cus_TivHPbKlnwiS1L
📩 Event received: checkout.session.completed
✅ Payment confirmed for 1912102710 (Hari)
📩 Event received: invoice.payment_succeeded
📩 Event received: checkout.session.completed
✅ Payment confirmed for 5554925279 (fjnnggn)
📩 Event received: invoice.payment_succeeded
[dotenv@17.3.1] injecting env (9) from .env -- tip: ⚙️  override existing env vars with { override: true }
🚀 Stripe webhook server running on port 3001
📩 Event received: invoice.payment_succeeded
⚠️  No user found for customer cus_TivHPbKlnwiS1L
📩 Event received: checkout.session.completed
✅ Payment confirmed for 5345086195 (Manish More)
📩 Event received: invoice.payment_succeeded
[dotenv@17.3.1] injecting env (9) from .env -- tip: ⚙️  suppress all logs with { quiet: true }
🚀 Stripe webhook server running on port 3001
[dotenv@17.3.1] injecting env (9) from .env -- tip: 🔐 prevent building .env in docker: https://dotenvx.com/prebuild
🚀 Stripe webhook server running on port 3001
[dotenv@17.3.1] injecting env (9) from .env -- tip: 🤖 agentic secret storage: https://dotenvx.com/as2
🚀 Stripe webhook server running on port 3001
[dotenv@17.3.1] injecting env (9) from .env -- tip: ⚙️  load multiple .env files with { path: ['.env.local', '.env'] }
🚀 Stripe webhook server running on port 3001
[dotenv@17.3.1] injecting env (9) from .env -- tip: ⚙️  specify custom .env file path with { path: '/custom/path/.env' }
🚀 Stripe webhook server running on port 3001
[dotenv@17.3.1] injecting env (9) from .env -- tip: 🔐 encrypt with Dotenvx: https://dotenvx.com
🚀 Stripe webhook server running on port 3001
[dotenv@17.3.1] injecting env (9) from .env -- tip: 🛡️ auth for agents: https://vestauth.com
🚀 Stripe webhook server running on port 3001
[dotenv@17.3.1] injecting env (9) from .env -- tip: 🔐 prevent committing .env to code: https://dotenvx.com/precommit
🚀 Stripe webhook server running on port 3001
[dotenv@17.3.1] injecting env (9) from .env -- tip: 🔐 prevent committing .env to code: https://dotenvx.com/precommit
🚀 Stripe webhook server running on port 3001
[dotenv@17.3.1] injecting env (9) from .env -- tip: 🔐 prevent committing .env to code: https://dotenvx.com/precommit
🚀 Stripe webhook server running on port 3001
[dotenv@17.3.1] injecting env (9) from .env -- tip: 🔐 prevent building .env in docker: https://dotenvx.com/prebuild
🚀 Stripe webhook server running on port 3001
[dotenv@17.3.1] injecting env (9) from .env -- tip: ⚙️  override existing env vars with { override: true }
🚀 Stripe webhook server running on port 3001
[dotenv@17.3.1] injecting env (9) from .env -- tip: ⚙️  override existing env vars with { override: true }
🚀 Stripe webhook server running on port 3001
[dotenv@17.3.1] injecting env (9) from .env -- tip: ⚡️ secrets for agents: https://dotenvx.com/as2
🚀 Stripe webhook server running on port 3001
[dotenv@17.3.1] injecting env (9) from .env -- tip: 🤖 agentic secret storage: https://dotenvx.com/as2
🚀 Stripe webhook server running on port 3001
[dotenv@17.3.1] injecting env (9) from .env -- tip: 🛠️  run anywhere with `dotenvx run -- yourcommand`
🚀 Stripe webhook server running on port 3001
[dotenv@17.3.1] injecting env (9) from .env -- tip: ⚙️  override existing env vars with { override: true }
🚀 Stripe webhook server running on port 3001
[dotenv@17.3.1] injecting env (9) from .env -- tip: 🤖 agentic secret storage: https://dotenvx.com/as2
🚀 Stripe webhook server running on port 3001
[dotenv@17.3.1] injecting env (9) from .env -- tip: 🔐 prevent committing .env to code: https://dotenvx.com/precommit
🚀 Stripe webhook server running on port 3001
[dotenv@17.3.1] injecting env (9) from .env -- tip: ⚙️  enable debug logging with { debug: true }
🚀 Stripe webhook server running on port 3001
[dotenv@17.3.1] injecting env (9) from .env -- tip: ⚙️  specify custom .env file path with { path: '/custom/path/.env' }
🚀 Stripe webhook server running on port 3001
[dotenv@17.3.1] injecting env (9) from .env -- tip: 🔐 prevent committing .env to code: https://dotenvx.com/precommit
🚀 Stripe webhook server running on port 3001
[dotenv@17.3.1] injecting env (9) from .env -- tip: ⚙️  enable debug logging with { debug: true }
🚀 Stripe webhook server running on port 3001
[dotenv@17.3.1] injecting env (9) from .env -- tip: ⚙️  suppress all logs with { quiet: true }
🚀 Stripe webhook server running on port 3001
[dotenv@17.3.1] injecting env (9) from .env -- tip: ⚙️  enable debug logging with { debug: true }
🚀 Stripe webhook server running on port 3001
[dotenv@17.3.1] injecting env (9) from .env -- tip: ⚙️  load multiple .env files with { path: ['.env.local', '.env'] }
🚀 Stripe webhook server running on port 3001
[dotenv@17.3.1] injecting env (9) from .env -- tip: ⚡️ secrets for agents: https://dotenvx.com/as2
🚀 Stripe webhook server running on port 3001
[dotenv@17.3.1] injecting env (9) from .env -- tip: 🔐 encrypt with Dotenvx: https://dotenvx.com
🚀 Stripe webhook server running on port 3001
[dotenv@17.3.1] injecting env (9) from .env -- tip: ⚙️  write to custom object with { processEnv: myObject }
🚀 Stripe webhook server running on port 3001
[dotenv@17.3.1] injecting env (9) from .env -- tip: ⚙️  specify custom .env file path with { path: '/custom/path/.env' }
🚀 Stripe webhook server running on port 3001
[dotenv@17.3.1] injecting env (9) from .env -- tip: ⚙️  enable debug logging with { debug: true }
🚀 Stripe webhook server running on port 3001
[dotenv@17.3.1] injecting env (9) from .env -- tip: 🔐 encrypt with Dotenvx: https://dotenvx.com
🚀 Stripe webhook server running on port 3001
[dotenv@17.3.1] injecting env (9) from .env -- tip: 🤖 agentic secret storage: https://dotenvx.com/as2
🚀 Stripe webhook server running on port 3001
[dotenv@17.3.1] injecting env (9) from .env -- tip: ⚙️  override existing env vars with { override: true }
🚀 Stripe webhook server running on port 3001
[dotenv@17.3.1] injecting env (9) from .env -- tip: 🔐 prevent building .env in docker: https://dotenvx.com/prebuild
🚀 Stripe webhook server running on port 3001
[dotenv@17.3.1] injecting env (9) from .env -- tip: ⚙️  override existing env vars with { override: true }
🚀 Stripe webhook server running on port 3001
[dotenv@17.3.1] injecting env (9) from .env -- tip: ⚙️  write to custom object with { processEnv: myObject }
🚀 Stripe webhook server running on port 3001
[dotenv@17.3.1] injecting env (9) from .env -- tip: ⚙️  write to custom object with { processEnv: myObject }
🚀 Stripe webhook server running on port 3001
[dotenv@17.3.1] injecting env (9) from .env -- tip: 🔐 encrypt with Dotenvx: https://dotenvx.com
🚀 Stripe webhook server running on port 3001
[dotenv@17.3.1] injecting env (9) from .env -- tip: ⚙️  specify custom .env file path with { path: '/custom/path/.env' }
🚀 Stripe webhook server running on port 3001
[dotenv@17.3.1] injecting env (9) from .env -- tip: ⚙️  suppress all logs with { quiet: true }
🚀 Stripe webhook server running on port 3001
[dotenv@17.3.1] injecting env (9) from .env -- tip: ⚡️ secrets for agents: https://dotenvx.com/as2
🚀 Stripe webhook server running on port 3001
[dotenv@17.3.1] injecting env (9) from .env -- tip: ⚙️  load multiple .env files with { path: ['.env.local', '.env'] }
🚀 Stripe webhook server running on port 3001
[dotenv@17.3.1] injecting env (9) from .env -- tip: ⚙️  specify custom .env file path with { path: '/custom/path/.env' }
🚀 Stripe webhook server running on port 3001
[dotenv@17.3.1] injecting env (9) from .env -- tip: 🛠️  run anywhere with `dotenvx run -- yourcommand`
🚀 Stripe webhook server running on port 3001
[dotenv@17.3.1] injecting env (9) from .env -- tip: ⚙️  specify custom .env file path with { path: '/custom/path/.env' }
🚀 Stripe webhook server running on port 3001
[dotenv@17.3.1] injecting env (9) from .env -- tip: ⚙️  write to custom object with { processEnv: myObject }
🚀 Stripe webhook server running on port 3001
[dotenv@17.3.1] injecting env (9) from .env -- tip: 🔐 prevent building .env in docker: https://dotenvx.com/prebuild
🚀 Stripe webhook server running on port 3001
[dotenv@17.3.1] injecting env (9) from .env -- tip: ⚙️  write to custom object with { processEnv: myObject }
🚀 Stripe webhook server running on port 3001
[dotenv@17.3.1] injecting env (9) from .env -- tip: ⚙️  suppress all logs with { quiet: true }
🚀 Stripe webhook server running on port 3001
[dotenv@17.3.1] injecting env (9) from .env -- tip: ⚡️ secrets for agents: https://dotenvx.com/as2
🚀 Stripe webhook server running on port 3001
[dotenv@17.3.1] injecting env (9) from .env -- tip: 🛠️  run anywhere with `dotenvx run -- yourcommand`
🚀 Stripe webhook server running on port 3001
[dotenv@17.3.1] injecting env (9) from .env -- tip: ⚙️  specify custom .env file path with { path: '/custom/path/.env' }
🚀 Stripe webhook server running on port 3001
[dotenv@17.3.1] injecting env (9) from .env -- tip: 🛠️  run anywhere with `dotenvx run -- yourcommand`
🚀 Stripe webhook server running on port 3001
[dotenv@17.3.1] injecting env (9) from .env -- tip: ⚙️  enable debug logging with { debug: true }
🚀 Stripe webhook server running on port 3001
[dotenv@17.3.1] injecting env (9) from .env -- tip: 🔐 prevent building .env in docker: https://dotenvx.com/prebuild
🚀 Stripe webhook server running on port 3001
[dotenv@17.3.1] injecting env (9) from .env -- tip: ⚙️  override existing env vars with { override: true }
🚀 Stripe webhook server running on port 3001
[dotenv@17.3.1] injecting env (9) from .env -- tip: 🛡️ auth for agents: https://vestauth.com
🚀 Stripe webhook server running on port 3001
[dotenv@17.3.1] injecting env (9) from .env -- tip: ⚙️  override existing env vars with { override: true }
🚀 Stripe webhook server running on port 3001
[dotenv@17.3.1] injecting env (9) from .env -- tip: ⚙️  suppress all logs with { quiet: true }
🚀 Stripe webhook server running on port 3001
[dotenv@17.3.1] injecting env (9) from .env -- tip: ⚙️  load multiple .env files with { path: ['.env.local', '.env'] }
🚀 Stripe webhook server running on port 3001
[dotenv@17.3.1] injecting env (9) from .env -- tip: ⚙️  enable debug logging with { debug: true }
🚀 Stripe webhook server running on port 3001
[dotenv@17.3.1] injecting env (9) from .env -- tip: 🛠️  run anywhere with `dotenvx run -- yourcommand`
🚀 Stripe webhook server running on port 3001
[dotenv@17.3.1] injecting env (9) from .env -- tip: ⚙️  specify custom .env file path with { path: '/custom/path/.env' }
🚀 Stripe webhook server running on port 3001
[dotenv@17.3.1] injecting env (9) from .env -- tip: ⚙️  specify custom .env file path with { path: '/custom/path/.env' }
🚀 Stripe webhook server running on port 3001
[dotenv@17.3.1] injecting env (9) from .env -- tip: 🔐 prevent committing .env to code: https://dotenvx.com/precommit
🚀 Stripe webhook server running on port 3001
[dotenv@17.3.1] injecting env (9) from .env -- tip: 🔐 prevent building .env in docker: https://dotenvx.com/prebuild
🚀 Stripe webhook server running on port 3001
[dotenv@17.3.1] injecting env (9) from .env -- tip: ⚙️  load multiple .env files with { path: ['.env.local', '.env'] }
🚀 Stripe webhook server running on port 3001
[dotenv@17.3.1] injecting env (9) from .env -- tip: 🔐 prevent building .env in docker: https://dotenvx.com/prebuild
🚀 Stripe webhook server running on port 3001
[dotenv@17.3.1] injecting env (9) from .env -- tip: ⚙️  load multiple .env files with { path: ['.env.local', '.env'] }
🚀 Stripe webhook server running on port 3001
[dotenv@17.3.1] injecting env (9) from .env -- tip: ⚙️  override existing env vars with { override: true }
🚀 Stripe webhook server running on port 3001
[dotenv@17.3.1] injecting env (9) from .env -- tip: 🛡️ auth for agents: https://vestauth.com
🚀 Stripe webhook server running on port 3001
[dotenv@17.3.1] injecting env (9) from .env -- tip: ⚙️  suppress all logs with { quiet: true }
🚀 Stripe webhook server running on port 3001
[dotenv@17.3.1] injecting env (9) from .env -- tip: 🤖 agentic secret storage: https://dotenvx.com/as2
🚀 Stripe webhook server running on port 3001
[dotenv@17.3.1] injecting env (9) from .env -- tip: ⚙️  write to custom object with { processEnv: myObject }
🚀 Stripe webhook server running on port 3001
[dotenv@17.3.1] injecting env (9) from .env -- tip: 🔐 prevent building .env in docker: https://dotenvx.com/prebuild
🚀 Stripe webhook server running on port 3001
[dotenv@17.3.1] injecting env (9) from .env -- tip: ⚙️  load multiple .env files with { path: ['.env.local', '.env'] }
🚀 Stripe webhook server running on port 3001
[dotenv@17.3.1] injecting env (9) from .env -- tip: 🔐 prevent building .env in docker: https://dotenvx.com/prebuild
🚀 Stripe webhook server running on port 3001
[dotenv@17.3.1] injecting env (9) from .env -- tip: 🤖 agentic secret storage: https://dotenvx.com/as2
🚀 Stripe webhook server running on port 3001
[dotenv@17.3.1] injecting env (9) from .env -- tip: ⚙️  write to custom object with { processEnv: myObject }
🚀 Stripe webhook server running on port 3001
[dotenv@17.3.1] injecting env (9) from .env -- tip: 🔐 prevent committing .env to code: https://dotenvx.com/precommit
🚀 Stripe webhook server running on port 3001
[dotenv@17.3.1] injecting env (9) from .env -- tip: ⚙️  suppress all logs with { quiet: true }
🚀 Stripe webhook server running on port 3001
[dotenv@17.3.1] injecting env (9) from .env -- tip: ⚙️  suppress all logs with { quiet: true }
🚀 Stripe webhook server running on port 3001
[dotenv@17.3.1] injecting env (9) from .env -- tip: 🤖 agentic secret storage: https://dotenvx.com/as2
🚀 Stripe webhook server running on port 3001
[dotenv@17.3.1] injecting env (9) from .env -- tip: 🛡️ auth for agents: https://vestauth.com
🚀 Stripe webhook server running on port 3001
[dotenv@17.3.1] injecting env (9) from .env -- tip: ⚙️  suppress all logs with { quiet: true }
🚀 Stripe webhook server running on port 3001
[dotenv@17.3.1] injecting env (9) from .env -- tip: 🛡️ auth for agents: https://vestauth.com
🚀 Stripe webhook server running on port 3001
[dotenv@17.3.1] injecting env (9) from .env -- tip: 🤖 agentic secret storage: https://dotenvx.com/as2
🚀 Stripe webhook server running on port 3001
[dotenv@17.3.1] injecting env (9) from .env -- tip: 🔐 prevent committing .env to code: https://dotenvx.com/precommit
🚀 Stripe webhook server running on port 3001
[dotenv@17.3.1] injecting env (9) from .env -- tip: 🤖 agentic secret storage: https://dotenvx.com/as2
🚀 Stripe webhook server running on port 3001
[dotenv@17.3.1] injecting env (9) from .env -- tip: 🔐 encrypt with Dotenvx: https://dotenvx.com
🚀 Stripe webhook server running on port 3001
[dotenv@17.3.1] injecting env (9) from .env -- tip: ⚙️  load multiple .env files with { path: ['.env.local', '.env'] }
🚀 Stripe webhook server running on port 3001
[dotenv@17.3.1] injecting env (9) from .env -- tip: 🔐 prevent building .env in docker: https://dotenvx.com/prebuild
🚀 Stripe webhook server running on port 3001
[dotenv@17.3.1] injecting env (9) from .env -- tip: ⚙️  load multiple .env files with { path: ['.env.local', '.env'] }
🚀 Stripe webhook server running on port 3001
[dotenv@17.3.1] injecting env (9) from .env -- tip: ⚙️  load multiple .env files with { path: ['.env.local', '.env'] }
🚀 Stripe webhook server running on port 3001
[dotenv@17.3.1] injecting env (9) from .env -- tip: 🔐 prevent committing .env to code: https://dotenvx.com/precommit
🚀 Stripe webhook server running on port 3001
[dotenv@17.3.1] injecting env (9) from .env -- tip: 🔐 prevent committing .env to code: https://dotenvx.com/precommit
🚀 Stripe webhook server running on port 3001
[dotenv@17.3.1] injecting env (9) from .env -- tip: ⚙️  specify custom .env file path with { path: '/custom/path/.env' }
🚀 Stripe webhook server running on port 3001
[dotenv@17.3.1] injecting env (9) from .env -- tip: 🔐 encrypt with Dotenvx: https://dotenvx.com
🚀 Stripe webhook server running on port 3001
[dotenv@17.3.1] injecting env (9) from .env -- tip: ⚙️  suppress all logs with { quiet: true }
🚀 Stripe webhook server running on port 3001
[dotenv@17.3.1] injecting env (9) from .env -- tip: ⚙️  write to custom object with { processEnv: myObject }
🚀 Stripe webhook server running on port 3001
[dotenv@17.3.1] injecting env (9) from .env -- tip: ⚙️  suppress all logs with { quiet: true }
🚀 Stripe webhook server running on port 3001
[dotenv@17.3.1] injecting env (9) from .env -- tip: ⚙️  write to custom object with { processEnv: myObject }
🚀 Stripe webhook server running on port 3001
[dotenv@17.3.1] injecting env (9) from .env -- tip: ⚙️  load multiple .env files with { path: ['.env.local', '.env'] }
🚀 Stripe webhook server running on port 3001
[dotenv@17.3.1] injecting env (9) from .env -- tip: 🔐 encrypt with Dotenvx: https://dotenvx.com
🚀 Stripe webhook server running on port 3001
[dotenv@17.3.1] injecting env (9) from .env -- tip: 🔐 encrypt with Dotenvx: https://dotenvx.com
🚀 Stripe webhook server running on port 3001
[dotenv@17.3.1] injecting env (9) from .env -- tip: ⚙️  load multiple .env files with { path: ['.env.local', '.env'] }
🚀 Stripe webhook server running on port 3001
[dotenv@17.3.1] injecting env (9) from .env -- tip: 🔐 prevent building .env in docker: https://dotenvx.com/prebuild
🚀 Stripe webhook server running on port 3001
[dotenv@17.3.1] injecting env (9) from .env -- tip: 🔐 prevent building .env in docker: https://dotenvx.com/prebuild
🚀 Stripe webhook server running on port 3001
[dotenv@17.3.1] injecting env (9) from .env -- tip: ⚡️ secrets for agents: https://dotenvx.com/as2
🚀 Stripe webhook server running on port 3001
[dotenv@17.3.1] injecting env (9) from .env -- tip: ⚙️  load multiple .env files with { path: ['.env.local', '.env'] }
🚀 Stripe webhook server running on port 3001
[dotenv@17.3.1] injecting env (9) from .env -- tip: 🔐 encrypt with Dotenvx: https://dotenvx.com
🚀 Stripe webhook server running on port 3001
[dotenv@17.3.1] injecting env (9) from .env -- tip: ⚡️ secrets for agents: https://dotenvx.com/as2
🚀 Stripe webhook server running on port 3001
[dotenv@17.3.1] injecting env (9) from .env -- tip: ⚙️  enable debug logging with { debug: true }
🚀 Stripe webhook server running on port 3001
[dotenv@17.3.1] injecting env (9) from .env -- tip: 🔐 prevent committing .env to code: https://dotenvx.com/precommit
🚀 Stripe webhook server running on port 3001
[dotenv@17.3.1] injecting env (9) from .env -- tip: ⚙️  enable debug logging with { debug: true }
🚀 Stripe webhook server running on port 3001
[dotenv@17.3.1] injecting env (9) from .env -- tip: ⚙️  suppress all logs with { quiet: true }
🚀 Stripe webhook server running on port 3001
[dotenv@17.3.1] injecting env (9) from .env -- tip: ⚙️  specify custom .env file path with { path: '/custom/path/.env' }
🚀 Stripe webhook server running on port 3001
[dotenv@17.3.1] injecting env (9) from .env -- tip: 🔐 prevent building .env in docker: https://dotenvx.com/prebuild
🚀 Stripe webhook server running on port 3001
[dotenv@17.3.1] injecting env (9) from .env -- tip: ⚙️  suppress all logs with { quiet: true }
🚀 Stripe webhook server running on port 3001
[dotenv@17.3.1] injecting env (9) from .env -- tip: 🔐 encrypt with Dotenvx: https://dotenvx.com
🚀 Stripe webhook server running on port 3001
[dotenv@17.3.1] injecting env (9) from .env -- tip: 🔐 prevent building .env in docker: https://dotenvx.com/prebuild
🚀 Stripe webhook server running on port 3001
[dotenv@17.3.1] injecting env (9) from .env -- tip: ⚙️  load multiple .env files with { path: ['.env.local', '.env'] }
🚀 Stripe webhook server running on port 3001
[dotenv@17.3.1] injecting env (9) from .env -- tip: 🔐 encrypt with Dotenvx: https://dotenvx.com
🚀 Stripe webhook server running on port 3001
[dotenv@17.3.1] injecting env (9) from .env -- tip: 🛠️  run anywhere with `dotenvx run -- yourcommand`
🚀 Stripe webhook server running on port 3001
[dotenv@17.3.1] injecting env (9) from .env -- tip: 🔐 encrypt with Dotenvx: https://dotenvx.com
🚀 Stripe webhook server running on port 3001
[dotenv@17.3.1] injecting env (9) from .env -- tip: ⚙️  write to custom object with { processEnv: myObject }
🚀 Stripe webhook server running on port 3001
[dotenv@17.3.1] injecting env (9) from .env -- tip: ⚙️  load multiple .env files with { path: ['.env.local', '.env'] }
🚀 Stripe webhook server running on port 3001
[dotenv@17.3.1] injecting env (9) from .env -- tip: 🛠️  run anywhere with `dotenvx run -- yourcommand`
🚀 Stripe webhook server running on port 3001
[dotenv@17.3.1] injecting env (9) from .env -- tip: ⚙️  specify custom .env file path with { path: '/custom/path/.env' }
🚀 Stripe webhook server running on port 3001
[dotenv@17.3.1] injecting env (9) from .env -- tip: 🛠️  run anywhere with `dotenvx run -- yourcommand`
🚀 Stripe webhook server running on port 3001
[dotenv@17.3.1] injecting env (9) from .env -- tip: 🔐 prevent building .env in docker: https://dotenvx.com/prebuild
🚀 Stripe webhook server running on port 3001
[dotenv@17.3.1] injecting env (9) from .env -- tip: ⚙️  suppress all logs with { quiet: true }
🚀 Stripe webhook server running on port 3001
[dotenv@17.3.1] injecting env (9) from .env -- tip: 🛠️  run anywhere with `dotenvx run -- yourcommand`
🚀 Stripe webhook server running on port 3001
[dotenv@17.3.1] injecting env (9) from .env -- tip: ⚙️  suppress all logs with { quiet: true }
🚀 Stripe webhook server running on port 3001
[dotenv@17.3.1] injecting env (9) from .env -- tip: 🔐 prevent building .env in docker: https://dotenvx.com/prebuild
🚀 Stripe webhook server running on port 3001
[dotenv@17.3.1] injecting env (9) from .env -- tip: ⚙️  enable debug logging with { debug: true }
🚀 Stripe webhook server running on port 3001
[dotenv@17.3.1] injecting env (9) from .env -- tip: ⚙️  load multiple .env files with { path: ['.env.local', '.env'] }
🚀 Stripe webhook server running on port 3001
[dotenv@17.3.1] injecting env (9) from .env -- tip: 🔐 prevent building .env in docker: https://dotenvx.com/prebuild
🚀 Stripe webhook server running on port 3001
[dotenv@17.3.1] injecting env (9) from .env -- tip: 🤖 agentic secret storage: https://dotenvx.com/as2
🚀 Stripe webhook server running on port 3001
[dotenv@17.3.1] injecting env (9) from .env -- tip: ⚙️  load multiple .env files with { path: ['.env.local', '.env'] }
🚀 Stripe webhook server running on port 3001
[dotenv@17.3.1] injecting env (9) from .env -- tip: 🛡️ auth for agents: https://vestauth.com
🚀 Stripe webhook server running on port 3001
[dotenv@17.3.1] injecting env (9) from .env -- tip: ⚡️ secrets for agents: https://dotenvx.com/as2
🚀 Stripe webhook server running on port 3001
[dotenv@17.3.1] injecting env (9) from .env -- tip: ⚙️  enable debug logging with { debug: true }
🚀 Stripe webhook server running on port 3001
[dotenv@17.3.1] injecting env (9) from .env -- tip: ⚙️  write to custom object with { processEnv: myObject }
🚀 Stripe webhook server running on port 3001
[dotenv@17.3.1] injecting env (9) from .env -- tip: ⚙️  suppress all logs with { quiet: true }
🚀 Stripe webhook server running on port 3001
[dotenv@17.3.1] injecting env (9) from .env -- tip: ⚙️  specify custom .env file path with { path: '/custom/path/.env' }
🚀 Stripe webhook server running on port 3001
[dotenv@17.3.1] injecting env (9) from .env -- tip: 🔐 encrypt with Dotenvx: https://dotenvx.com
🚀 Stripe webhook server running on port 3001
[dotenv@17.3.1] injecting env (9) from .env -- tip: 🛠️  run anywhere with `dotenvx run -- yourcommand`
🚀 Stripe webhook server running on port 3001
[dotenv@17.3.1] injecting env (9) from .env -- tip: 🔐 encrypt with Dotenvx: https://dotenvx.com
🚀 Stripe webhook server running on port 3001
[dotenv@17.3.1] injecting env (9) from .env -- tip: ⚙️  specify custom .env file path with { path: '/custom/path/.env' }
🚀 Stripe webhook server running on port 3001
[dotenv@17.3.1] injecting env (9) from .env -- tip: ⚙️  enable debug logging with { debug: true }
🚀 Stripe webhook server running on port 3001
[dotenv@17.3.1] injecting env (9) from .env -- tip: ⚙️  suppress all logs with { quiet: true }
🚀 Stripe webhook server running on port 3001
[dotenv@17.3.1] injecting env (9) from .env -- tip: ⚡️ secrets for agents: https://dotenvx.com/as2
🚀 Stripe webhook server running on port 3001
[dotenv@17.3.1] injecting env (9) from .env -- tip: ⚙️  override existing env vars with { override: true }
🚀 Stripe webhook server running on port 3001
[dotenv@17.3.1] injecting env (9) from .env -- tip: 🔐 encrypt with Dotenvx: https://dotenvx.com
🚀 Stripe webhook server running on port 3001
[dotenv@17.3.1] injecting env (9) from .env -- tip: ⚡️ secrets for agents: https://dotenvx.com/as2
🚀 Stripe webhook server running on port 3001
[dotenv@17.3.1] injecting env (9) from .env -- tip: 🔐 encrypt with Dotenvx: https://dotenvx.com
🚀 Stripe webhook server running on port 3001
[dotenv@17.3.1] injecting env (9) from .env -- tip: ⚙️  suppress all logs with { quiet: true }
🚀 Stripe webhook server running on port 3001
[dotenv@17.3.1] injecting env (9) from .env -- tip: 🔐 prevent committing .env to code: https://dotenvx.com/precommit
🚀 Stripe webhook server running on port 3001
[dotenv@17.3.1] injecting env (9) from .env -- tip: 🔐 prevent building .env in docker: https://dotenvx.com/prebuild
🚀 Stripe webhook server running on port 3001
[dotenv@17.3.1] injecting env (9) from .env -- tip: ⚙️  override existing env vars with { override: true }
🚀 Stripe webhook server running on port 3001
[dotenv@17.3.1] injecting env (9) from .env -- tip: 🔐 prevent committing .env to code: https://dotenvx.com/precommit
🚀 Stripe webhook server running on port 3001
[dotenv@17.3.1] injecting env (9) from .env -- tip: ⚙️  enable debug logging with { debug: true }
🚀 Stripe webhook server running on port 3001
[dotenv@17.3.1] injecting env (9) from .env -- tip: ⚡️ secrets for agents: https://dotenvx.com/as2
🚀 Stripe webhook server running on port 3001
[dotenv@17.3.1] injecting env (9) from .env -- tip: 🤖 agentic secret storage: https://dotenvx.com/as2
🚀 Stripe webhook server running on port 3001
[dotenv@17.3.1] injecting env (9) from .env -- tip: ⚙️  load multiple .env files with { path: ['.env.local', '.env'] }
🚀 Stripe webhook server running on port 3001
[dotenv@17.3.1] injecting env (9) from .env -- tip: 🛠️  run anywhere with `dotenvx run -- yourcommand`
🚀 Stripe webhook server running on port 3001
[dotenv@17.3.1] injecting env (9) from .env -- tip: ⚙️  override existing env vars with { override: true }
🚀 Stripe webhook server running on port 3001
[dotenv@17.3.1] injecting env (9) from .env -- tip: ⚙️  suppress all logs with { quiet: true }
🚀 Stripe webhook server running on port 3001
[dotenv@17.3.1] injecting env (9) from .env -- tip: 🔐 prevent committing .env to code: https://dotenvx.com/precommit
🚀 Stripe webhook server running on port 3001
[dotenv@17.3.1] injecting env (9) from .env -- tip: 🔐 prevent building .env in docker: https://dotenvx.com/prebuild
🚀 Stripe webhook server running on port 3001
[dotenv@17.3.1] injecting env (9) from .env -- tip: ⚙️  suppress all logs with { quiet: true }
🚀 Stripe webhook server running on port 3001
[dotenv@17.3.1] injecting env (9) from .env -- tip: 🛠️  run anywhere with `dotenvx run -- yourcommand`
🚀 Stripe webhook server running on port 3001
[dotenv@17.3.1] injecting env (9) from .env -- tip: ⚙️  specify custom .env file path with { path: '/custom/path/.env' }
🚀 Stripe webhook server running on port 3001
[dotenv@17.3.1] injecting env (9) from .env -- tip: 🔐 prevent building .env in docker: https://dotenvx.com/prebuild
🚀 Stripe webhook server running on port 3001
[dotenv@17.3.1] injecting env (9) from .env -- tip: 🛠️  run anywhere with `dotenvx run -- yourcommand`
🚀 Stripe webhook server running on port 3001
[dotenv@17.3.1] injecting env (9) from .env -- tip: ⚙️  specify custom .env file path with { path: '/custom/path/.env' }
🚀 Stripe webhook server running on port 3001
[dotenv@17.3.1] injecting env (9) from .env -- tip: ⚙️  suppress all logs with { quiet: true }
🚀 Stripe webhook server running on port 3001
[dotenv@17.3.1] injecting env (9) from .env -- tip: ⚙️  override existing env vars with { override: true }
🚀 Stripe webhook server running on port 3001
[dotenv@17.3.1] injecting env (9) from .env -- tip: ⚙️  write to custom object with { processEnv: myObject }
🚀 Stripe webhook server running on port 3001
[dotenv@17.3.1] injecting env (9) from .env -- tip: 🔐 prevent committing .env to code: https://dotenvx.com/precommit
🚀 Stripe webhook server running on port 3001
[dotenv@17.3.1] injecting env (9) from .env -- tip: ⚙️  enable debug logging with { debug: true }
🚀 Stripe webhook server running on port 3001
[dotenv@17.3.1] injecting env (9) from .env -- tip: ⚙️  override existing env vars with { override: true }
🚀 Stripe webhook server running on port 3001
[dotenv@17.3.1] injecting env (9) from .env -- tip: ⚙️  specify custom .env file path with { path: '/custom/path/.env' }
🚀 Stripe webhook server running on port 3001
[dotenv@17.3.1] injecting env (9) from .env -- tip: ⚙️  suppress all logs with { quiet: true }
🚀 Stripe webhook server running on port 3001
[dotenv@17.3.1] injecting env (9) from .env -- tip: ⚙️  write to custom object with { processEnv: myObject }
🚀 Stripe webhook server running on port 3001
[dotenv@17.3.1] injecting env (9) from .env -- tip: 🛡️ auth for agents: https://vestauth.com
🚀 Stripe webhook server running on port 3001
[dotenv@17.3.1] injecting env (9) from .env -- tip: 🔐 prevent committing .env to code: https://dotenvx.com/precommit
🚀 Stripe webhook server running on port 3001
[dotenv@17.3.1] injecting env (9) from .env -- tip: ⚙️  enable debug logging with { debug: true }
🚀 Stripe webhook server running on port 3001
[dotenv@17.3.1] injecting env (9) from .env -- tip: ⚡️ secrets for agents: https://dotenvx.com/as2
🚀 Stripe webhook server running on port 3001
[dotenv@17.3.1] injecting env (9) from .env -- tip: 🛡️ auth for agents: https://vestauth.com
🚀 Stripe webhook server running on port 3001
[dotenv@17.3.1] injecting env (9) from .env -- tip: ⚡️ secrets for agents: https://dotenvx.com/as2
🚀 Stripe webhook server running on port 3001
[dotenv@17.3.1] injecting env (9) from .env -- tip: 🤖 agentic secret storage: https://dotenvx.com/as2
🚀 Stripe webhook server running on port 3001
[dotenv@17.3.1] injecting env (9) from .env -- tip: 🔐 prevent building .env in docker: https://dotenvx.com/prebuild
🚀 Stripe webhook server running on port 3001
[dotenv@17.3.1] injecting env (9) from .env -- tip: ⚙️  enable debug logging with { debug: true }
🚀 Stripe webhook server running on port 3001
[dotenv@17.3.1] injecting env (9) from .env -- tip: 🔐 prevent building .env in docker: https://dotenvx.com/prebuild
🚀 Stripe webhook server running on port 3001
[dotenv@17.3.1] injecting env (9) from .env -- tip: ⚡️ secrets for agents: https://dotenvx.com/as2
🚀 Stripe webhook server running on port 3001
[dotenv@17.3.1] injecting env (9) from .env -- tip: ⚡️ secrets for agents: https://dotenvx.com/as2
🚀 Stripe webhook server running on port 3001
[dotenv@17.3.1] injecting env (9) from .env -- tip: 🛠️  run anywhere with `dotenvx run -- yourcommand`
🚀 Stripe webhook server running on port 3001
[dotenv@17.3.1] injecting env (9) from .env -- tip: 🛠️  run anywhere with `dotenvx run -- yourcommand`
🚀 Stripe webhook server running on port 3001
[dotenv@17.3.1] injecting env (9) from .env -- tip: ⚙️  specify custom .env file path with { path: '/custom/path/.env' }
🚀 Stripe webhook server running on port 3001
[dotenv@17.3.1] injecting env (9) from .env -- tip: 🔐 prevent committing .env to code: https://dotenvx.com/precommit
🚀 Stripe webhook server running on port 3001
[dotenv@17.3.1] injecting env (9) from .env -- tip: ⚙️  load multiple .env files with { path: ['.env.local', '.env'] }
🚀 Stripe webhook server running on port 3001
[dotenv@17.3.1] injecting env (9) from .env -- tip: ⚡️ secrets for agents: https://dotenvx.com/as2
🚀 Stripe webhook server running on port 3001
[dotenv@17.3.1] injecting env (9) from .env -- tip: ⚙️  override existing env vars with { override: true }
🚀 Stripe webhook server running on port 3001
[dotenv@17.3.1] injecting env (9) from .env -- tip: ⚙️  enable debug logging with { debug: true }
🚀 Stripe webhook server running on port 3001
[dotenv@17.3.1] injecting env (9) from .env -- tip: ⚙️  write to custom object with { processEnv: myObject }
🚀 Stripe webhook server running on port 3001
[dotenv@17.3.1] injecting env (9) from .env -- tip: ⚙️  suppress all logs with { quiet: true }
🚀 Stripe webhook server running on port 3001
[dotenv@17.3.1] injecting env (9) from .env -- tip: 🔐 encrypt with Dotenvx: https://dotenvx.com
🚀 Stripe webhook server running on port 3001
[dotenv@17.3.1] injecting env (9) from .env -- tip: ⚙️  load multiple .env files with { path: ['.env.local', '.env'] }
🚀 Stripe webhook server running on port 3001
[dotenv@17.3.1] injecting env (9) from .env -- tip: ⚙️  override existing env vars with { override: true }
🚀 Stripe webhook server running on port 3001
[dotenv@17.3.1] injecting env (9) from .env -- tip: 🛡️ auth for agents: https://vestauth.com
🚀 Stripe webhook server running on port 3001
[dotenv@17.3.1] injecting env (9) from .env -- tip: 🔐 prevent committing .env to code: https://dotenvx.com/precommit
🚀 Stripe webhook server running on port 3001
[dotenv@17.3.1] injecting env (9) from .env -- tip: ⚙️  specify custom .env file path with { path: '/custom/path/.env' }
🚀 Stripe webhook server running on port 3001
[dotenv@17.3.1] injecting env (9) from .env -- tip: 🔐 prevent committing .env to code: https://dotenvx.com/precommit
🚀 Stripe webhook server running on port 3001
[dotenv@17.3.1] injecting env (9) from .env -- tip: ⚙️  write to custom object with { processEnv: myObject }
🚀 Stripe webhook server running on port 3001
[dotenv@17.3.1] injecting env (9) from .env -- tip: 🛡️ auth for agents: https://vestauth.com
🚀 Stripe webhook server running on port 3001
[dotenv@17.3.1] injecting env (9) from .env -- tip: ⚙️  enable debug logging with { debug: true }
🚀 Stripe webhook server running on port 3001
[dotenv@17.3.1] injecting env (9) from .env -- tip: ⚙️  specify custom .env file path with { path: '/custom/path/.env' }
🚀 Stripe webhook server running on port 3001
[dotenv@17.3.1] injecting env (9) from .env -- tip: ⚙️  write to custom object with { processEnv: myObject }
🚀 Stripe webhook server running on port 3001
[dotenv@17.3.1] injecting env (9) from .env -- tip: ⚙️  enable debug logging with { debug: true }
🚀 Stripe webhook server running on port 3001
[dotenv@17.3.1] injecting env (9) from .env -- tip: ⚙️  override existing env vars with { override: true }
🚀 Stripe webhook server running on port 3001
[dotenv@17.3.1] injecting env (9) from .env -- tip: 🔐 prevent committing .env to code: https://dotenvx.com/precommit
🚀 Stripe webhook server running on port 3001
[dotenv@17.3.1] injecting env (9) from .env -- tip: 🔐 prevent building .env in docker: https://dotenvx.com/prebuild
🚀 Stripe webhook server running on port 3001
[dotenv@17.3.1] injecting env (9) from .env -- tip: ⚙️  write to custom object with { processEnv: myObject }
🚀 Stripe webhook server running on port 3001
[dotenv@17.3.1] injecting env (9) from .env -- tip: 🛠️  run anywhere with `dotenvx run -- yourcommand`
🚀 Stripe webhook server running on port 3001
[dotenv@17.3.1] injecting env (9) from .env -- tip: 🛡️ auth for agents: https://vestauth.com
🚀 Stripe webhook server running on port 3001
[dotenv@17.3.1] injecting env (9) from .env -- tip: ⚙️  load multiple .env files with { path: ['.env.local', '.env'] }
🚀 Stripe webhook server running on port 3001
[dotenv@17.3.1] injecting env (9) from .env -- tip: 🔐 prevent committing .env to code: https://dotenvx.com/precommit
🚀 Stripe webhook server running on port 3001
[dotenv@17.3.1] injecting env (9) from .env -- tip: 🛠️  run anywhere with `dotenvx run -- yourcommand`
🚀 Stripe webhook server running on port 3001
[dotenv@17.3.1] injecting env (9) from .env -- tip: 🛡️ auth for agents: https://vestauth.com
🚀 Stripe webhook server running on port 3001
[dotenv@17.3.1] injecting env (9) from .env -- tip: ⚙️  write to custom object with { processEnv: myObject }
🚀 Stripe webhook server running on port 3001
[dotenv@17.3.1] injecting env (9) from .env -- tip: 🛡️ auth for agents: https://vestauth.com
🚀 Stripe webhook server running on port 3001
[dotenv@17.3.1] injecting env (9) from .env -- tip: 🔐 prevent committing .env to code: https://dotenvx.com/precommit
🚀 Stripe webhook server running on port 3001
[dotenv@17.3.1] injecting env (9) from .env -- tip: 🔐 encrypt with Dotenvx: https://dotenvx.com
🚀 Stripe webhook server running on port 3001
[dotenv@17.3.1] injecting env (9) from .env -- tip: 🔐 encrypt with Dotenvx: https://dotenvx.com
🚀 Stripe webhook server running on port 3001
[dotenv@17.3.1] injecting env (9) from .env -- tip: ⚙️  specify custom .env file path with { path: '/custom/path/.env' }
🚀 Stripe webhook server running on port 3001
[dotenv@17.3.1] injecting env (9) from .env -- tip: ⚙️  write to custom object with { processEnv: myObject }
🚀 Stripe webhook server running on port 3001
[dotenv@17.3.1] injecting env (9) from .env -- tip: ⚙️  enable debug logging with { debug: true }
🚀 Stripe webhook server running on port 3001
[dotenv@17.3.1] injecting env (9) from .env -- tip: ⚙️  suppress all logs with { quiet: true }
🚀 Stripe webhook server running on port 3001
[dotenv@17.3.1] injecting env (9) from .env -- tip: 🔐 prevent building .env in docker: https://dotenvx.com/prebuild
🚀 Stripe webhook server running on port 3001
[dotenv@17.3.1] injecting env (9) from .env -- tip: ⚙️  override existing env vars with { override: true }
🚀 Stripe webhook server running on port 3001
[dotenv@17.3.1] injecting env (9) from .env -- tip: 🔐 prevent committing .env to code: https://dotenvx.com/precommit
🚀 Stripe webhook server running on port 3001
[dotenv@17.3.1] injecting env (9) from .env -- tip: 🛡️ auth for agents: https://vestauth.com
🚀 Stripe webhook server running on port 3001
[dotenv@17.3.1] injecting env (9) from .env -- tip: 🔐 prevent committing .env to code: https://dotenvx.com/precommit
🚀 Stripe webhook server running on port 3001
[dotenv@17.3.1] injecting env (9) from .env -- tip: 🔐 prevent committing .env to code: https://dotenvx.com/precommit
🚀 Stripe webhook server running on port 3001
[dotenv@17.3.1] injecting env (9) from .env -- tip: 🤖 agentic secret storage: https://dotenvx.com/as2
🚀 Stripe webhook server running on port 3001
[dotenv@17.3.1] injecting env (9) from .env -- tip: 🔐 prevent committing .env to code: https://dotenvx.com/precommit
🚀 Stripe webhook server running on port 3001
[dotenv@17.3.1] injecting env (9) from .env -- tip: ⚙️  specify custom .env file path with { path: '/custom/path/.env' }
🚀 Stripe webhook server running on port 3001
[dotenv@17.3.1] injecting env (9) from .env -- tip: 🤖 agentic secret storage: https://dotenvx.com/as2
🚀 Stripe webhook server running on port 3001
[dotenv@17.3.1] injecting env (9) from .env -- tip: 🔐 encrypt with Dotenvx: https://dotenvx.com
🚀 Stripe webhook server running on port 3001
[dotenv@17.3.1] injecting env (9) from .env -- tip: 🔐 prevent committing .env to code: https://dotenvx.com/precommit
🚀 Stripe webhook server running on port 3001
[dotenv@17.3.1] injecting env (9) from .env -- tip: ⚡️ secrets for agents: https://dotenvx.com/as2
🚀 Stripe webhook server running on port 3001
[dotenv@17.3.1] injecting env (9) from .env -- tip: ⚙️  write to custom object with { processEnv: myObject }
🚀 Stripe webhook server running on port 3001
[dotenv@17.3.1] injecting env (9) from .env -- tip: ⚙️  suppress all logs with { quiet: true }
🚀 Stripe webhook server running on port 3001
[dotenv@17.3.1] injecting env (9) from .env -- tip: ⚙️  enable debug logging with { debug: true }
🚀 Stripe webhook server running on port 3001
[dotenv@17.3.1] injecting env (9) from .env -- tip: 🛠️  run anywhere with `dotenvx run -- yourcommand`
🚀 Stripe webhook server running on port 3001
[dotenv@17.3.1] injecting env (9) from .env -- tip: ⚙️  enable debug logging with { debug: true }
🚀 Stripe webhook server running on port 3001
[dotenv@17.3.1] injecting env (9) from .env -- tip: 🔐 prevent committing .env to code: https://dotenvx.com/precommit
🚀 Stripe webhook server running on port 3001
[dotenv@17.3.1] injecting env (9) from .env -- tip: ⚡️ secrets for agents: https://dotenvx.com/as2
🚀 Stripe webhook server running on port 3001
[dotenv@17.3.1] injecting env (9) from .env -- tip: ⚙️  override existing env vars with { override: true }
🚀 Stripe webhook server running on port 3001
[dotenv@17.3.1] injecting env (9) from .env -- tip: ⚡️ secrets for agents: https://dotenvx.com/as2
🚀 Stripe webhook server running on port 3001
[dotenv@17.3.1] injecting env (9) from .env -- tip: 🔐 encrypt with Dotenvx: https://dotenvx.com
🚀 Stripe webhook server running on port 3001
[dotenv@17.3.1] injecting env (9) from .env -- tip: ⚙️  write to custom object with { processEnv: myObject }
🚀 Stripe webhook server running on port 3001
[dotenv@17.3.1] injecting env (9) from .env -- tip: 🔐 encrypt with Dotenvx: https://dotenvx.com
🚀 Stripe webhook server running on port 3001
[dotenv@17.3.1] injecting env (9) from .env -- tip: ⚙️  load multiple .env files with { path: ['.env.local', '.env'] }
🚀 Stripe webhook server running on port 3001
[dotenv@17.3.1] injecting env (9) from .env -- tip: 🤖 agentic secret storage: https://dotenvx.com/as2
🚀 Stripe webhook server running on port 3001
[dotenv@17.3.1] injecting env (9) from .env -- tip: ⚙️  override existing env vars with { override: true }
🚀 Stripe webhook server running on port 3001
[dotenv@17.3.1] injecting env (9) from .env -- tip: 🔐 prevent committing .env to code: https://dotenvx.com/precommit
🚀 Stripe webhook server running on port 3001
[dotenv@17.3.1] injecting env (9) from .env -- tip: 🔐 prevent building .env in docker: https://dotenvx.com/prebuild
🚀 Stripe webhook server running on port 3001
[dotenv@17.3.1] injecting env (9) from .env -- tip: ⚙️  write to custom object with { processEnv: myObject }
🚀 Stripe webhook server running on port 3001
[dotenv@17.3.1] injecting env (9) from .env -- tip: ⚙️  enable debug logging with { debug: true }
🚀 Stripe webhook server running on port 3001
[dotenv@17.3.1] injecting env (9) from .env -- tip: 🤖 agentic secret storage: https://dotenvx.com/as2
🚀 Stripe webhook server running on port 3001
[dotenv@17.3.1] injecting env (9) from .env -- tip: 🛠️  run anywhere with `dotenvx run -- yourcommand`
🚀 Stripe webhook server running on port 3001
[dotenv@17.3.1] injecting env (9) from .env -- tip: ⚙️  enable debug logging with { debug: true }
🚀 Stripe webhook server running on port 3001
[dotenv@17.3.1] injecting env (9) from .env -- tip: ⚡️ secrets for agents: https://dotenvx.com/as2
🚀 Stripe webhook server running on port 3001
[dotenv@17.3.1] injecting env (9) from .env -- tip: ⚙️  load multiple .env files with { path: ['.env.local', '.env'] }
🚀 Stripe webhook server running on port 3001
[dotenv@17.3.1] injecting env (9) from .env -- tip: ⚙️  write to custom object with { processEnv: myObject }
🚀 Stripe webhook server running on port 3001
[dotenv@17.3.1] injecting env (9) from .env -- tip: ⚙️  enable debug logging with { debug: true }
🚀 Stripe webhook server running on port 3001
[dotenv@17.3.1] injecting env (9) from .env -- tip: 🛠️  run anywhere with `dotenvx run -- yourcommand`
🚀 Stripe webhook server running on port 3001
[dotenv@17.3.1] injecting env (9) from .env -- tip: 🤖 agentic secret storage: https://dotenvx.com/as2
🚀 Stripe webhook server running on port 3001
[dotenv@17.3.1] injecting env (9) from .env -- tip: 🛡️ auth for agents: https://vestauth.com
🚀 Stripe webhook server running on port 3001
[dotenv@17.3.1] injecting env (9) from .env -- tip: ⚙️  write to custom object with { processEnv: myObject }
🚀 Stripe webhook server running on port 3001
[dotenv@17.3.1] injecting env (9) from .env -- tip: 🤖 agentic secret storage: https://dotenvx.com/as2
🚀 Stripe webhook server running on port 3001
[dotenv@17.3.1] injecting env (9) from .env -- tip: ⚙️  specify custom .env file path with { path: '/custom/path/.env' }
🚀 Stripe webhook server running on port 3001
[dotenv@17.3.1] injecting env (9) from .env -- tip: ⚙️  load multiple .env files with { path: ['.env.local', '.env'] }
🚀 Stripe webhook server running on port 3001
[dotenv@17.3.1] injecting env (9) from .env -- tip: 🛡️ auth for agents: https://vestauth.com
🚀 Stripe webhook server running on port 3001
[dotenv@17.3.1] injecting env (9) from .env -- tip: ⚙️  write to custom object with { processEnv: myObject }
🚀 Stripe webhook server running on port 3001
[dotenv@17.3.1] injecting env (9) from .env -- tip: 🔐 encrypt with Dotenvx: https://dotenvx.com
🚀 Stripe webhook server running on port 3001
[dotenv@17.3.1] injecting env (9) from .env -- tip: ⚙️  enable debug logging with { debug: true }
🚀 Stripe webhook server running on port 3001
[dotenv@17.3.1] injecting env (9) from .env -- tip: ⚙️  override existing env vars with { override: true }
🚀 Stripe webhook server running on port 3001
[dotenv@17.3.1] injecting env (9) from .env -- tip: ⚙️  suppress all logs with { quiet: true }
🚀 Stripe webhook server running on port 3001
[dotenv@17.3.1] injecting env (9) from .env -- tip: ⚙️  specify custom .env file path with { path: '/custom/path/.env' }
🚀 Stripe webhook server running on port 3001
[dotenv@17.3.1] injecting env (9) from .env -- tip: ⚡️ secrets for agents: https://dotenvx.com/as2
🚀 Stripe webhook server running on port 3001
[dotenv@17.3.1] injecting env (9) from .env -- tip: ⚡️ secrets for agents: https://dotenvx.com/as2
🚀 Stripe webhook server running on port 3001
[dotenv@17.3.1] injecting env (9) from .env -- tip: 🤖 agentic secret storage: https://dotenvx.com/as2
🚀 Stripe webhook server running on port 3001
[dotenv@17.3.1] injecting env (9) from .env -- tip: ⚙️  enable debug logging with { debug: true }
🚀 Stripe webhook server running on port 3001
[dotenv@17.3.1] injecting env (9) from .env -- tip: 🔐 prevent committing .env to code: https://dotenvx.com/precommit
🚀 Stripe webhook server running on port 3001
[dotenv@17.3.1] injecting env (9) from .env -- tip: 🔐 encrypt with Dotenvx: https://dotenvx.com
🚀 Stripe webhook server running on port 3001
[dotenv@17.3.1] injecting env (9) from .env -- tip: 🛡️ auth for agents: https://vestauth.com
🚀 Stripe webhook server running on port 3001
[dotenv@17.3.1] injecting env (9) from .env -- tip: ⚙️  specify custom .env file path with { path: '/custom/path/.env' }
🚀 Stripe webhook server running on port 3001
[dotenv@17.3.1] injecting env (9) from .env -- tip: 🔐 prevent committing .env to code: https://dotenvx.com/precommit
🚀 Stripe webhook server running on port 3001
[dotenv@17.3.1] injecting env (9) from .env -- tip: ⚡️ secrets for agents: https://dotenvx.com/as2
🚀 Stripe webhook server running on port 3001
[dotenv@17.3.1] injecting env (9) from .env -- tip: ⚙️  enable debug logging with { debug: true }
🚀 Stripe webhook server running on port 3001
[dotenv@17.3.1] injecting env (9) from .env -- tip: 🔐 encrypt with Dotenvx: https://dotenvx.com
🚀 Stripe webhook server running on port 3001
[dotenv@17.3.1] injecting env (9) from .env -- tip: ⚙️  enable debug logging with { debug: true }
🚀 Stripe webhook server running on port 3001
[dotenv@17.3.1] injecting env (9) from .env -- tip: 🔐 prevent building .env in docker: https://dotenvx.com/prebuild
🚀 Stripe webhook server running on port 3001
[dotenv@17.3.1] injecting env (9) from .env -- tip: ⚙️  enable debug logging with { debug: true }
🚀 Stripe webhook server running on port 3001
[dotenv@17.3.1] injecting env (9) from .env -- tip: 🛠️  run anywhere with `dotenvx run -- yourcommand`
🚀 Stripe webhook server running on port 3001
[dotenv@17.3.1] injecting env (9) from .env -- tip: 🔐 prevent committing .env to code: https://dotenvx.com/precommit
🚀 Stripe webhook server running on port 3001
[dotenv@17.3.1] injecting env (9) from .env -- tip: 🛠️  run anywhere with `dotenvx run -- yourcommand`
🚀 Stripe webhook server running on port 3001
[dotenv@17.3.1] injecting env (9) from .env -- tip: ⚙️  write to custom object with { processEnv: myObject }
🚀 Stripe webhook server running on port 3001
[dotenv@17.3.1] injecting env (9) from .env -- tip: ⚙️  enable debug logging with { debug: true }
🚀 Stripe webhook server running on port 3001
[dotenv@17.3.1] injecting env (9) from .env -- tip: ⚙️  specify custom .env file path with { path: '/custom/path/.env' }
🚀 Stripe webhook server running on port 3001
[dotenv@17.3.1] injecting env (9) from .env -- tip: 🔐 prevent committing .env to code: https://dotenvx.com/precommit
🚀 Stripe webhook server running on port 3001
[dotenv@17.3.1] injecting env (9) from .env -- tip: ⚡️ secrets for agents: https://dotenvx.com/as2
🚀 Stripe webhook server running on port 3001
[dotenv@17.3.1] injecting env (9) from .env -- tip: 🛠️  run anywhere with `dotenvx run -- yourcommand`
🚀 Stripe webhook server running on port 3001
[dotenv@17.3.1] injecting env (9) from .env -- tip: ⚡️ secrets for agents: https://dotenvx.com/as2
🚀 Stripe webhook server running on port 3001
[dotenv@17.3.1] injecting env (9) from .env -- tip: ⚙️  write to custom object with { processEnv: myObject }
🚀 Stripe webhook server running on port 3001
[dotenv@17.3.1] injecting env (9) from .env -- tip: ⚙️  suppress all logs with { quiet: true }
🚀 Stripe webhook server running on port 3001
[dotenv@17.3.1] injecting env (9) from .env -- tip: ⚙️  suppress all logs with { quiet: true }
🚀 Stripe webhook server running on port 3001
[dotenv@17.3.1] injecting env (9) from .env -- tip: ⚙️  specify custom .env file path with { path: '/custom/path/.env' }
🚀 Stripe webhook server running on port 3001
[dotenv@17.3.1] injecting env (9) from .env -- tip: ⚙️  write to custom object with { processEnv: myObject }
🚀 Stripe webhook server running on port 3001
[dotenv@17.3.1] injecting env (9) from .env -- tip: ⚙️  enable debug logging with { debug: true }
🚀 Stripe webhook server running on port 3001
[dotenv@17.3.1] injecting env (9) from .env -- tip: ⚙️  enable debug logging with { debug: true }
🚀 Stripe webhook server running on port 3001
[dotenv@17.3.1] injecting env (9) from .env -- tip: 🛠️  run anywhere with `dotenvx run -- yourcommand`
🚀 Stripe webhook server running on port 3001
[dotenv@17.3.1] injecting env (9) from .env -- tip: 🛡️ auth for agents: https://vestauth.com
🚀 Stripe webhook server running on port 3001
[dotenv@17.3.1] injecting env (9) from .env -- tip: 🔐 encrypt with Dotenvx: https://dotenvx.com
🚀 Stripe webhook server running on port 3001
[dotenv@17.3.1] injecting env (9) from .env -- tip: 🤖 agentic secret storage: https://dotenvx.com/as2
🚀 Stripe webhook server running on port 3001
[dotenv@17.3.1] injecting env (9) from .env -- tip: ⚙️  write to custom object with { processEnv: myObject }
🚀 Stripe webhook server running on port 3001
[dotenv@17.3.1] injecting env (9) from .env -- tip: 🛠️  run anywhere with `dotenvx run -- yourcommand`
🚀 Stripe webhook server running on port 3001
[dotenv@17.3.1] injecting env (9) from .env -- tip: 🔐 prevent building .env in docker: https://dotenvx.com/prebuild
🚀 Stripe webhook server running on port 3001
[dotenv@17.3.1] injecting env (9) from .env -- tip: 🔐 prevent committing .env to code: https://dotenvx.com/precommit
🚀 Stripe webhook server running on port 3001
[dotenv@17.3.1] injecting env (9) from .env -- tip: 🛠️  run anywhere with `dotenvx run -- yourcommand`
🚀 Stripe webhook server running on port 3001
[dotenv@17.3.1] injecting env (9) from .env -- tip: ⚙️  write to custom object with { processEnv: myObject }
🚀 Stripe webhook server running on port 3001
[dotenv@17.3.1] injecting env (9) from .env -- tip: ⚙️  specify custom .env file path with { path: '/custom/path/.env' }
🚀 Stripe webhook server running on port 3001
[dotenv@17.3.1] injecting env (9) from .env -- tip: ⚙️  override existing env vars with { override: true }
🚀 Stripe webhook server running on port 3001
[dotenv@17.3.1] injecting env (9) from .env -- tip: ⚙️  load multiple .env files with { path: ['.env.local', '.env'] }
🚀 Stripe webhook server running on port 3001
[dotenv@17.3.1] injecting env (9) from .env -- tip: ⚡️ secrets for agents: https://dotenvx.com/as2
🚀 Stripe webhook server running on port 3001
[dotenv@17.3.1] injecting env (9) from .env -- tip: ⚙️  suppress all logs with { quiet: true }
🚀 Stripe webhook server running on port 3001
[dotenv@17.3.1] injecting env (9) from .env -- tip: 🛠️  run anywhere with `dotenvx run -- yourcommand`
🚀 Stripe webhook server running on port 3001
[dotenv@17.3.1] injecting env (9) from .env -- tip: 🤖 agentic secret storage: https://dotenvx.com/as2
🚀 Stripe webhook server running on port 3001
[dotenv@17.3.1] injecting env (9) from .env -- tip: ⚡️ secrets for agents: https://dotenvx.com/as2
🚀 Stripe webhook server running on port 3001
[dotenv@17.3.1] injecting env (9) from .env -- tip: 🔐 prevent building .env in docker: https://dotenvx.com/prebuild
🚀 Stripe webhook server running on port 3001
[dotenv@17.3.1] injecting env (9) from .env -- tip: 🔐 encrypt with Dotenvx: https://dotenvx.com
🚀 Stripe webhook server running on port 3001
[dotenv@17.3.1] injecting env (9) from .env -- tip: ⚙️  load multiple .env files with { path: ['.env.local', '.env'] }
🚀 Stripe webhook server running on port 3001
[dotenv@17.3.1] injecting env (9) from .env -- tip: ⚙️  override existing env vars with { override: true }
🚀 Stripe webhook server running on port 3001
[dotenv@17.3.1] injecting env (9) from .env -- tip: ⚙️  specify custom .env file path with { path: '/custom/path/.env' }
🚀 Stripe webhook server running on port 3001
📩 Event received: invoice.payment_succeeded
⚠️  No user found for customer cus_TivHPbKlnwiS1L
📩 Event received: invoice.payment_succeeded
⚠️  No user found for customer cus_TivHPbKlnwiS1L
